<?xml version="1.0" encoding="UTF-8"?>
<!-- Generated by org.testng.reporters.JUnitReportReporter -->
<testsuite hostname="aapna-lap-031" failures="0" tests="4" name="com.pack.tests.BasePageTest" time="11.287" errors="0" timestamp="2022-07-06T19:49:52 IST" skipped="0">
  <testcase classname="com.pack.tests.BasePageTest" name="verifyHomePage" time="0.043"/>
  <system-out/>
  <testcase classname="com.pack.tests.BasePageTest" name="clickApp" time="3.145"/>
  <system-out/>
  <testcase classname="com.pack.tests.BasePageTest" name="scroll" time="4.037"/>
  <system-out/>
  <testcase classname="com.pack.tests.BasePageTest" name="nextElement" time="4.062"/>
  <system-out/>
</testsuite> <!-- com.pack.tests.BasePageTest -->
