<?xml version="1.0" encoding="UTF-8"?>
<!-- Generated by org.testng.reporters.JUnitReportReporter -->
<testsuite hostname="aapna-lap-031" failures="0" tests="1" name="com.pack.tests.LoginPageTest" time="4.454" errors="0" timestamp="2022-07-05T21:21:54 IST" skipped="0">
  <testcase classname="com.pack.tests.LoginPageTest" name="verifySignInFunction" time="4.454"/>
  <system-out/>
</testsuite> <!-- com.pack.tests.LoginPageTest -->
