<?xml version="1.0" encoding="UTF-8"?>
<!-- Generated by org.testng.reporters.JUnitReportReporter -->
<testsuite hostname="aapna-lap-031" failures="0" tests="3" name="pageObjects.SelectBrowser" time="29.368" errors="0" timestamp="2022-07-01T18:33:41 IST" skipped="0">
  <testcase classname="pageObjects.SelectBrowser" name="url" time="8.534"/>
  <system-out/>
  <testcase classname="pageObjects.SelectBrowser" name="url" time="11.545"/>
  <system-out/>
  <testcase classname="pageObjects.SelectBrowser" name="url" time="9.289"/>
  <system-out/>
</testsuite> <!-- pageObjects.SelectBrowser -->
